Build started 12/12/2011 2:13:20 PM.
     1>Project "C:\Users\Matt\Dropbox\School\cs175\final\cs175-project-jz-mc\final.vcxproj" on node 2 (build target(s)).
     1>InitializeBuildStatus:
         Creating ".\Debug\final.unsuccessfulbuild" because "AlwaysCreate" was specified.
       ClCompile:
         c:\Program Files (x86)\Microsoft Visual Studio 10.0\VC\bin\CL.exe /c /ZI /nologo /W3 /WX- /Od /Oy- /D WIN32 /D _DEBUG /D _CONSOLE /D _UNICODE /D UNICODE /Gm /EHsc /RTC1 /MDd /GS /fp:precise /Zc:wchar_t /Zc:forScope /Fo".\Debug\\" /Fd".\Debug\vc100.pdb" /Gd /TP /analyze- /errorReport:prompt glsupport.cpp picker.cpp ppm.cpp project5.cpp scenegraph.cpp
         scenegraph.cpp
         project5.cpp
         ppm.cpp
         picker.cpp
         glsupport.cpp
         Generating Code...
       ManifestResourceCompile:
         C:\Program Files (x86)\Microsoft SDKs\Windows\v7.0A\bin\rc.exe /nologo /fo".\Debug\final.exe.embed.manifest.res" .\Debug\final_manifest.rc 
       Link:
         c:\Program Files (x86)\Microsoft Visual Studio 10.0\VC\bin\link.exe /ERRORREPORT:PROMPT /OUT:".\Debug\final.exe" /INCREMENTAL /NOLOGO glew32.lib glut32.lib kernel32.lib user32.lib gdi32.lib winspool.lib comdlg32.lib advapi32.lib shell32.lib ole32.lib oleaut32.lib uuid.lib odbc32.lib odbccp32.lib /MANIFEST /ManifestFile:".\Debug\final.exe.intermediate.manifest" /MANIFESTUAC:"level='asInvoker' uiAccess='false'" /DEBUG /PDB:"C:\Users\Matt\Dropbox\School\cs175\final\cs175-project-jz-mc\Debug\final.pdb" /SUBSYSTEM:CONSOLE /TLBID:1 /DYNAMICBASE /NXCOMPAT /IMPLIB:".\Debug\final.lib" /MACHINE:X86 .\Debug\final.exe.embed.manifest.res
         .\Debug\glsupport.obj
         .\Debug\picker.obj
         .\Debug\ppm.obj
         .\Debug\project5.obj
         .\Debug\scenegraph.obj
       Manifest:
         C:\Program Files (x86)\Microsoft SDKs\Windows\v7.0A\bin\mt.exe /nologo /verbose /out:".\Debug\final.exe.embed.manifest" /manifest .\Debug\final.exe.intermediate.manifest
         C:\Program Files (x86)\Microsoft SDKs\Windows\v7.0A\bin\rc.exe /nologo /fo".\Debug\final.exe.embed.manifest.res" .\Debug\final_manifest.rc 
       LinkEmbedManifest:
         c:\Program Files (x86)\Microsoft Visual Studio 10.0\VC\bin\link.exe /ERRORREPORT:PROMPT /OUT:".\Debug\final.exe" /INCREMENTAL /NOLOGO glew32.lib glut32.lib kernel32.lib user32.lib gdi32.lib winspool.lib comdlg32.lib advapi32.lib shell32.lib ole32.lib oleaut32.lib uuid.lib odbc32.lib odbccp32.lib /MANIFEST /ManifestFile:".\Debug\final.exe.intermediate.manifest" /MANIFESTUAC:"level='asInvoker' uiAccess='false'" /DEBUG /PDB:"C:\Users\Matt\Dropbox\School\cs175\final\cs175-project-jz-mc\Debug\final.pdb" /SUBSYSTEM:CONSOLE /TLBID:1 /DYNAMICBASE /NXCOMPAT /IMPLIB:".\Debug\final.lib" /MACHINE:X86 .\Debug\final.exe.embed.manifest.res
         .\Debug\glsupport.obj
         .\Debug\picker.obj
         .\Debug\ppm.obj
         .\Debug\project5.obj
         .\Debug\scenegraph.obj
         final.vcxproj -> C:\Users\Matt\Dropbox\School\cs175\final\cs175-project-jz-mc\.\Debug\final.exe
       FinalizeBuildStatus:
         Deleting file ".\Debug\final.unsuccessfulbuild".
         Touching ".\Debug\final.lastbuildstate".
     1>Done Building Project "C:\Users\Matt\Dropbox\School\cs175\final\cs175-project-jz-mc\final.vcxproj" (build target(s)).

Build succeeded.

Time Elapsed 00:00:04.75
